<?xml version="1.0" encoding="UTF-8"?>
<!-- Generated by org.testng.reporters.JUnitReportReporter -->
<testsuite hostname="LAPTOP-LJOFKPLQ" failures="0" tests="1" name="mainJava.PimTest" time="3.637" errors="0" timestamp="2022-08-24T03:02:04 IST" skipped="0">
  <testcase classname="mainJava.PimTest" name="VerifyPimPage" time="3.637"/>
  <system-out/>
</testsuite> <!-- mainJava.PimTest -->
