<?xml version="1.0" encoding="UTF-8"?>
<!-- Generated by org.testng.reporters.JUnitReportReporter -->
<testsuite hostname="LAPTOP-LJOFKPLQ" failures="0" tests="1" name="mainJava.LoginTest" time="3.438" errors="0" timestamp="2022-08-24T03:02:04 IST" skipped="0">
  <testcase classname="mainJava.LoginTest" name="verifyLogin" time="3.438"/>
  <system-out/>
</testsuite> <!-- mainJava.LoginTest -->
